#
# A fatal error has been detected by the Java Runtime Environment:
#
#  SIGBUS (0x7) at pc=0x00007f562a42f43b, pid=10975, tid=0x00007f562a8350c0
#
# JRE version: OpenJDK Runtime Environment (8.0_144-b01) (build 1.8.0_144-b01)
# Java VM: OpenJDK 64-Bit Server VM (25.144-b01 mixed mode linux-amd64 compressed oops)
# Problematic frame:
# C  [libpthread.so.0+0x843b]  pthread_join+0xbb
#
# Core dump written. Default location: /usr/share/gfwpress/core or core.10975
#
# If you would like to submit a bug report, please visit:
#   http://bugreport.java.com/bugreport/crash.jsp
#

---------------  T H R E A D  ---------------

Current thread is native thread

siginfo: si_signo: 7 (SIGBUS), si_code: 0 (SI_USER), sent from pid: 11394 (uid: 0)

Registers:
RAX=0x00000000000000ca, RBX=0x00007f562a833700, RCX=0x00007f562a42f43d, RDX=0x0000000000002ae0
RSP=0x00007ffda6f45760, RBP=0x00007ffda6f45760, RSI=0x0000000000000000, RDI=0x00007f562a8339d0
R8 =0x00000000000000ca, R9 =0x00007f562a8339d0, R10=0x0000000000000000, R11=0x0000000000000246
R12=0x00007ffda6f457d8, R13=0x0000000000000000, R14=0x00007f562a8350c0, R15=0x00007f562a833d28
RIP=0x00007f562a42f43b, EFLAGS=0x0000000000000246, CSGSFS=0x002b000000000033, ERR=0x0000000000000000
  TRAPNO=0x0000000000000000

Top of Stack: (sp=0x00007ffda6f45760)
0x00007ffda6f45760:   00007f562a42f360 00007f562a833d28
0x00007ffda6f45770:   0000000000000000 0000000000000000
0x00007ffda6f45780:   0000000000000000 122f88307c4f2300
0x00007ffda6f45790:   00007f562a833700 00007ffda6f457e0
0x00007ffda6f457a0:   00007ffda6f45840 00007f562a003bc0
0x00007ffda6f457b0:   00007ffda6f45860 0000000000100000
0x00007ffda6f457c0:   0000000000000002 00007f562a0095e5
0x00007ffda6f457d0:   00007f562a833700 0000000000ff0000
0x00007ffda6f457e0:   0000000000000000 0000000000000000
0x00007ffda6f457f0:   0000000000001000 0000000000000000
0x00007ffda6f45800:   0000000000100000 0000000000000000
0x00007ffda6f45810:   0000000000000000 122f88307c4f2300
0x00007ffda6f45820:   0000000000000000 00007ffda6f45980
0x00007ffda6f45830:   00007ffda6f45860 000055bdbb6b8798
0x00007ffda6f45840:   00007ffda6f458f0 00007f562a005a0a
0x00007ffda6f45850:   00007ffda6f4aed0 0000000100000002
0x00007ffda6f45860:   0000000000000001 000055bdbb6b8798
0x00007ffda6f45870:   0000000000000002 00007ffda6f4aed0
0x00007ffda6f45880:   00007f5629158fc0 00007f5629158f70
0x00007ffda6f45890:   00007f5629159240 0000000000000000
0x00007ffda6f458a0:   0000000000000000 0000000000000000
0x00007ffda6f458b0:   0000000000000000 0000000000000000
0x00007ffda6f458c0:   00007ffda6f45900 122f88307c4f2300
0x00007ffda6f458d0:   00007ffda6f4aed0 0000000000000000
0x00007ffda6f458e0:   000055bdbb6cacb0 0000000000000002
0x00007ffda6f458f0:   00007ffda6f49a00 00007f562a006138
0x00007ffda6f45900:   0000000000000000 00007f562a00610c
0x00007ffda6f45910:   0000000000000000 00007ffda6f49b48
0x00007ffda6f45920:   0000000200000000 000055bdbb6b7260
0x00007ffda6f45930:   0000000000000000 0000000100000000
0x00007ffda6f45940:   00007ffda6f459b0 00000000ffffffff
0x00007ffda6f45950:   0000000000000000 0000000000000000 

Instructions: (pc=0x00007f562a42f43b)
0x00007f562a42f41b:   4c 8d 8b d0 02 00 00 41 b8 ca 00 00 00 85 d2 74
0x00007f562a42f42b:   1c 0f 1f 40 00 45 31 d2 31 f6 4c 89 cf 44 89 c0
0x00007f562a42f43b:   0f 05 48 63 93 d0 02 00 00 85 d2 75 e8 44 89 ef
0x00007f562a42f44b:   e8 10 82 00 00 31 f6 48 89 ef e8 e6 7d 00 00 4d 

Register to memory mapping:

RAX=0x00000000000000ca is an unknown value
RBX=0x00007f562a833700 is pointing into the stack for thread: 0x00007f562400a000
RCX=0x00007f562a42f43d: pthread_join+0xbd in /usr/lib/libpthread.so.0 at 0x00007f562a427000
RDX=0x0000000000002ae0 is an unknown value
RSP=0x00007ffda6f45760 is an unknown value
RBP=0x00007ffda6f45760 is an unknown value
RSI=0x0000000000000000 is an unknown value
RDI=0x00007f562a8339d0 is pointing into the stack for thread: 0x00007f562400a000
R8 =0x00000000000000ca is an unknown value
R9 =0x00007f562a8339d0 is pointing into the stack for thread: 0x00007f562400a000
R10=0x0000000000000000 is an unknown value
R11=0x0000000000000246 is an unknown value
R12=0x00007ffda6f457d8 is an unknown value
R13=0x0000000000000000 is an unknown value
R14=0x00007f562a8350c0 is an unknown value
R15=0x00007f562a833d28 is pointing into the stack for thread: 0x00007f562400a000


Stack: [0x00007ffda6e4b000,0x00007ffda6f4b000],  sp=0x00007ffda6f45760,  free space=1001k
Native frames: (J=compiled Java code, j=interpreted, Vv=VM code, C=native code)
C  [libpthread.so.0+0x843b]  pthread_join+0xbb


---------------  P R O C E S S  ---------------

VM state:not at safepoint (normal execution)

VM Mutex/Monitor currently owned by a thread: None

Heap:
 PSYoungGen      total 36864K, used 18908K [0x00000000d6c00000, 0x00000000d9500000, 0x0000000100000000)
  eden space 31744K, 53% used [0x00000000d6c00000,0x00000000d7c7f248,0x00000000d8b00000)
  from space 5120K, 39% used [0x00000000d9000000,0x00000000d91f8060,0x00000000d9500000)
  to   space 5120K, 0% used [0x00000000d8b00000,0x00000000d8b00000,0x00000000d9000000)
 ParOldGen       total 84992K, used 24K [0x0000000084400000, 0x0000000089700000, 0x00000000d6c00000)
  object space 84992K, 0% used [0x0000000084400000,0x0000000084406000,0x0000000089700000)
 Metaspace       used 6949K, capacity 7068K, committed 7296K, reserved 1056768K
  class space    used 730K, capacity 796K, committed 896K, reserved 1048576K

Card table byte_map: [0x00007f5613e1a000,0x00007f56141f9000] byte_map_base: 0x00007f56139f8000

Marking Bits: (ParMarkBitMap*) 0x00007f5629a29120
 Begin Bits: [0x00007f5600220000, 0x00007f5602110000)
 End Bits:   [0x00007f5602110000, 0x00007f5604000000)

Polling page: 0x00007f562a866000

CodeCache: size=245760Kb used=2864Kb max_used=2864Kb free=242895Kb
 bounds [0x00007f56145b9000, 0x00007f5614899000, 0x00007f56235b9000]
 total_blobs=1022 nmethods=719 adapters=218
 compilation: enabled

Compilation events (10 events):
Event: 95.264 Thread 0x00007f5624183800  756       3       com.sun.crypto.provider.CipherCore::getOutputSizeByOperation (163 bytes)
Event: 95.265 Thread 0x00007f5624183800 nmethod 756 0x00007f56148864d0 code [0x00007f5614886680, 0x00007f5614886d98]
Event: 95.265 Thread 0x00007f5624183800  755       3       com.sun.crypto.provider.CipherFeedback::reset (18 bytes)
Event: 95.265 Thread 0x00007f5624183800 nmethod 755 0x00007f561487e9d0 code [0x00007f561487eb40, 0x00007f561487ed48]
Event: 95.265 Thread 0x00007f5624183800  754       3       sun.security.jca.ProviderList$ServiceList::iterator (9 bytes)
Event: 95.265 Thread 0x00007f5624183800 nmethod 754 0x00007f561487e510 code [0x00007f561487e680, 0x00007f561487e8f0]
Event: 95.265 Thread 0x00007f5624183800  752       3       java.io.OutputStream::<init> (5 bytes)
Event: 95.265 Thread 0x00007f5624183800 nmethod 752 0x00007f56148860d0 code [0x00007f5614886240, 0x00007f56148863f0]
Event: 95.265 Thread 0x00007f5624183800  753       3       java.util.Collections$UnmodifiableCollection$1::next (10 bytes)
Event: 95.265 Thread 0x00007f5624183800 nmethod 753 0x00007f5614885c90 code [0x00007f5614885e00, 0x00007f5614886028]

GC Heap History (4 events):
Event: 14.624 GC heap before
{Heap before GC invocations=1 (full 0):
 PSYoungGen      total 36864K, used 31744K [0x00000000d6c00000, 0x00000000d9500000, 0x0000000100000000)
  eden space 31744K, 100% used [0x00000000d6c00000,0x00000000d8b00000,0x00000000d8b00000)
  from space 5120K, 0% used [0x00000000d9000000,0x00000000d9000000,0x00000000d9500000)
  to   space 5120K, 0% used [0x00000000d8b00000,0x00000000d8b00000,0x00000000d9000000)
 ParOldGen       total 84992K, used 0K [0x0000000084400000, 0x0000000089700000, 0x00000000d6c00000)
  object space 84992K, 0% used [0x0000000084400000,0x0000000084400000,0x0000000089700000)
 Metaspace       used 6717K, capacity 6870K, committed 7040K, reserved 1056768K
  class space    used 729K, capacity 795K, committed 896K, reserved 1048576K
Event: 14.627 GC heap after
Heap after GC invocations=1 (full 0):
 PSYoungGen      total 36864K, used 2860K [0x00000000d6c00000, 0x00000000d9500000, 0x0000000100000000)
  eden space 31744K, 0% used [0x00000000d6c00000,0x00000000d6c00000,0x00000000d8b00000)
  from space 5120K, 55% used [0x00000000d8b00000,0x00000000d8dcb070,0x00000000d9000000)
  to   space 5120K, 0% used [0x00000000d9000000,0x00000000d9000000,0x00000000d9500000)
 ParOldGen       total 84992K, used 16K [0x0000000084400000, 0x0000000089700000, 0x00000000d6c00000)
  object space 84992K, 0% used [0x0000000084400000,0x0000000084404000,0x0000000089700000)
 Metaspace       used 6717K, capacity 6870K, committed 7040K, reserved 1056768K
  class space    used 729K, capacity 795K, committed 896K, reserved 1048576K
}
Event: 48.559 GC heap before
{Heap before GC invocations=2 (full 0):
 PSYoungGen      total 36864K, used 34565K [0x00000000d6c00000, 0x00000000d9500000, 0x0000000100000000)
  eden space 31744K, 99% used [0x00000000d6c00000,0x00000000d8af6450,0x00000000d8b00000)
  from space 5120K, 55% used [0x00000000d8b00000,0x00000000d8dcb070,0x00000000d9000000)
  to   space 5120K, 0% used [0x00000000d9000000,0x00000000d9000000,0x00000000d9500000)
 ParOldGen       total 84992K, used 16K [0x0000000084400000, 0x0000000089700000, 0x00000000d6c00000)
  object space 84992K, 0% used [0x0000000084400000,0x0000000084404000,0x0000000089700000)
 Metaspace       used 6891K, capacity 7068K, committed 7296K, reserved 1056768K
  class space    used 730K, capacity 796K, committed 896K, reserved 1048576K
Event: 48.566 GC heap after
Heap after GC invocations=2 (full 0):
 PSYoungGen      total 36864K, used 2016K [0x00000000d6c00000, 0x00000000d9500000, 0x0000000100000000)
  eden space 31744K, 0% used [0x00000000d6c00000,0x00000000d6c00000,0x00000000d8b00000)
  from space 5120K, 39% used [0x00000000d9000000,0x00000000d91f8060,0x00000000d9500000)
  to   space 5120K, 0% used [0x00000000d8b00000,0x00000000d8b00000,0x00000000d9000000)
 ParOldGen       total 84992K, used 24K [0x0000000084400000, 0x0000000089700000, 0x00000000d6c00000)
  object space 84992K, 0% used [0x0000000084400000,0x0000000084406000,0x0000000089700000)
 Metaspace       used 6891K, capacity 7068K, committed 7296K, reserved 1056768K
  class space    used 730K, capacity 796K, committed 896K, reserved 1048576K
}

Deoptimization events (1 events):
Event: 0.321 Thread 0x00007f562400a000 Uncommon trap: reason=unstable_if action=reinterpret pc=0x00007f5614736df4 method=java.lang.String.startsWith(Ljava/lang/String;I)Z @ 25

Internal exceptions (10 events):
Event: 50.311 Thread 0x00007f5590003000 Exception <a 'sun/net/ConnectionResetException': Connection reset> (0x00000000d71f8160) thrown at [/build/java8-openjdk/src/jdk8u-jdk8u144-b01/hotspot/src/share/vm/prims/jni.cpp, line 735]
Event: 50.463 Thread 0x00007f55c8016800 Exception <a 'sun/net/ConnectionResetException': Connection reset> (0x00000000d7245730) thrown at [/build/java8-openjdk/src/jdk8u-jdk8u144-b01/hotspot/src/share/vm/prims/jni.cpp, line 735]
Event: 50.901 Thread 0x00007f55c400d000 Exception <a 'sun/net/ConnectionResetException': Connection reset> (0x00000000d74c70c0) thrown at [/build/java8-openjdk/src/jdk8u-jdk8u144-b01/hotspot/src/share/vm/prims/jni.cpp, line 735]
Event: 51.421 Thread 0x00007f55b4006000 Exception <a 'sun/net/ConnectionResetException': Connection reset> (0x00000000d752b1a0) thrown at [/build/java8-openjdk/src/jdk8u-jdk8u144-b01/hotspot/src/share/vm/prims/jni.cpp, line 735]
Event: 59.740 Thread 0x00007f55b801d000 Exception <a 'sun/net/ConnectionResetException': Connection reset> (0x00000000d75a5d90) thrown at [/build/java8-openjdk/src/jdk8u-jdk8u144-b01/hotspot/src/share/vm/prims/jni.cpp, line 735]
Event: 60.220 Thread 0x00007f55c8018000 Exception <a 'sun/net/ConnectionResetException': Connection reset> (0x00000000d766df50) thrown at [/build/java8-openjdk/src/jdk8u-jdk8u144-b01/hotspot/src/share/vm/prims/jni.cpp, line 735]
Event: 60.860 Thread 0x00007f55c8019000 Exception <a 'sun/net/ConnectionResetException': Connection reset> (0x00000000d776cbe8) thrown at [/build/java8-openjdk/src/jdk8u-jdk8u144-b01/hotspot/src/share/vm/prims/jni.cpp, line 735]
Event: 61.336 Thread 0x00007f55b801f000 Exception <a 'sun/net/ConnectionResetException': Connection reset> (0x00000000d7834da8) thrown at [/build/java8-openjdk/src/jdk8u-jdk8u144-b01/hotspot/src/share/vm/prims/jni.cpp, line 735]
Event: 61.980 Thread 0x00007f55b8020000 Exception <a 'sun/net/ConnectionResetException': Connection reset> (0x00000000d78af980) thrown at [/build/java8-openjdk/src/jdk8u-jdk8u144-b01/hotspot/src/share/vm/prims/jni.cpp, line 735]
Event: 93.661 Thread 0x00007f55b400b000 Exception <a 'sun/net/ConnectionResetException': Connection reset> (0x00000000d7961048) thrown at [/build/java8-openjdk/src/jdk8u-jdk8u144-b01/hotspot/src/share/vm/prims/jni.cpp, line 735]

Events (10 events):
Event: 95.263 Thread 0x00007f559c009800 Thread added: 0x00007f559c009800
Event: 95.263 Thread 0x00007f55d0056000 Thread exited: 0x00007f55d0056000
Event: 95.580 Thread 0x00007f559c009800 Thread exited: 0x00007f559c009800
Event: 95.580 Thread 0x00007f55b8022000 Thread exited: 0x00007f55b8022000
Event: 95.582 Thread 0x00007f559c009000 Thread exited: 0x00007f559c009000
Event: 95.582 Thread 0x00007f55b8020800 Thread exited: 0x00007f55b8020800
Event: 108.052 Thread 0x00007f55d004c800 Thread added: 0x00007f55d004c800
Event: 108.379 Thread 0x00007f55b400a800 Thread added: 0x00007f55b400a800
Event: 108.380 Thread 0x00007f55b400e000 Thread added: 0x00007f55b400e000
Event: 108.380 Thread 0x00007f55d004c800 Thread exited: 0x00007f55d004c800


Dynamic libraries:
84400000-89700000 rw-p 00000000 00:00 0 
89700000-d6c00000 ---p 00000000 00:00 0 
d6c00000-d9500000 rw-p 00000000 00:00 0 
d9500000-100000000 ---p 00000000 00:00 0 
100000000-1000e0000 rw-p 00000000 00:00 0 
1000e0000-140000000 ---p 00000000 00:00 0 
55bdb99e7000-55bdb99e8000 r-xp 00000000 08:01 1053565                    /usr/lib/jvm/java-8-openjdk/jre/bin/java
55bdb9be7000-55bdb9be8000 r--p 00000000 08:01 1053565                    /usr/lib/jvm/java-8-openjdk/jre/bin/java
55bdb9be8000-55bdb9be9000 rw-p 00001000 08:01 1053565                    /usr/lib/jvm/java-8-openjdk/jre/bin/java
55bdbb6b7000-55bdbb6d8000 rw-p 00000000 00:00 0                          [heap]
7f5590000000-7f5590022000 rw-p 00000000 00:00 0 
7f5590022000-7f5594000000 ---p 00000000 00:00 0 
7f5594000000-7f5594042000 rw-p 00000000 00:00 0 
7f5594042000-7f5598000000 ---p 00000000 00:00 0 
7f5598000000-7f5598022000 rw-p 00000000 00:00 0 
7f5598022000-7f559c000000 ---p 00000000 00:00 0 
7f559c000000-7f559c042000 rw-p 00000000 00:00 0 
7f559c042000-7f55a0000000 ---p 00000000 00:00 0 
7f55a0000000-7f55a0042000 rw-p 00000000 00:00 0 
7f55a0042000-7f55a4000000 ---p 00000000 00:00 0 
7f55a4000000-7f55a4022000 rw-p 00000000 00:00 0 
7f55a4022000-7f55a8000000 ---p 00000000 00:00 0 
7f55a8000000-7f55a8021000 rw-p 00000000 00:00 0 
7f55a8021000-7f55ac000000 ---p 00000000 00:00 0 
7f55af2f3000-7f55af2f6000 ---p 00000000 00:00 0 
7f55af2f6000-7f55af3f4000 rw-p 00000000 00:00 0 
7f55af3f4000-7f55af3f7000 ---p 00000000 00:00 0 
7f55af3f7000-7f55af4f5000 rw-p 00000000 00:00 0 
7f55af4f5000-7f55af4f8000 ---p 00000000 00:00 0 
7f55af4f8000-7f55af5f6000 rw-p 00000000 00:00 0 
7f55af5f6000-7f55af5f9000 ---p 00000000 00:00 0 
7f55af5f9000-7f55af6f7000 rw-p 00000000 00:00 0 
7f55af6f7000-7f55af6fa000 ---p 00000000 00:00 0 
7f55af6fa000-7f55af7f8000 rw-p 00000000 00:00 0 
7f55af7f8000-7f55af7fb000 ---p 00000000 00:00 0 
7f55af7fb000-7f55af8f9000 rw-p 00000000 00:00 0 
7f55af8f9000-7f55af8fc000 ---p 00000000 00:00 0 
7f55af8fc000-7f55af9fa000 rw-p 00000000 00:00 0 
7f55af9fa000-7f55af9fd000 ---p 00000000 00:00 0 
7f55af9fd000-7f55afafb000 rw-p 00000000 00:00 0 
7f55afafb000-7f55afafe000 ---p 00000000 00:00 0 
7f55afafe000-7f55afbfc000 rw-p 00000000 00:00 0 
7f55afbfc000-7f55afbff000 ---p 00000000 00:00 0 
7f55afbff000-7f55afcfd000 rw-p 00000000 00:00 0 
7f55afcfd000-7f55afd00000 ---p 00000000 00:00 0 
7f55afd00000-7f55afdfe000 rw-p 00000000 00:00 0 
7f55afdfe000-7f55afe01000 ---p 00000000 00:00 0 
7f55afe01000-7f55afeff000 rw-p 00000000 00:00 0 
7f55afeff000-7f55aff02000 ---p 00000000 00:00 0 
7f55aff02000-7f55b0000000 rw-p 00000000 00:00 0 
7f55b0000000-7f55b0021000 rw-p 00000000 00:00 0 
7f55b0021000-7f55b4000000 ---p 00000000 00:00 0 
7f55b4000000-7f55b402e000 rw-p 00000000 00:00 0 
7f55b402e000-7f55b8000000 ---p 00000000 00:00 0 
7f55b8000000-7f55b8042000 rw-p 00000000 00:00 0 
7f55b8042000-7f55bc000000 ---p 00000000 00:00 0 
7f55bc000000-7f55bc025000 rw-p 00000000 00:00 0 
7f55bc025000-7f55c0000000 ---p 00000000 00:00 0 
7f55c0000000-7f55c0045000 rw-p 00000000 00:00 0 
7f55c0045000-7f55c4000000 ---p 00000000 00:00 0 
7f55c4000000-7f55c4030000 rw-p 00000000 00:00 0 
7f55c4030000-7f55c8000000 ---p 00000000 00:00 0 
7f55c8000000-7f55c803e000 rw-p 00000000 00:00 0 
7f55c803e000-7f55cc000000 ---p 00000000 00:00 0 
7f55cc000000-7f55cc03b000 rw-p 00000000 00:00 0 
7f55cc03b000-7f55d0000000 ---p 00000000 00:00 0 
7f55d0000000-7f55d005d000 rw-p 00000000 00:00 0 
7f55d005d000-7f55d4000000 ---p 00000000 00:00 0 
7f55d4000000-7f55d4039000 rw-p 00000000 00:00 0 
7f55d4039000-7f55d8000000 ---p 00000000 00:00 0 
7f55d8000000-7f55d8021000 rw-p 00000000 00:00 0 
7f55d8021000-7f55dc000000 ---p 00000000 00:00 0 
7f55dc000000-7f55dc021000 rw-p 00000000 00:00 0 
7f55dc021000-7f55e0000000 ---p 00000000 00:00 0 
7f55e0000000-7f55e02ca000 rw-p 00000000 00:00 0 
7f55e02ca000-7f55e4000000 ---p 00000000 00:00 0 
7f55e4000000-7f55e42aa000 rw-p 00000000 00:00 0 
7f55e42aa000-7f55e8000000 ---p 00000000 00:00 0 
7f55e8000000-7f55e8021000 rw-p 00000000 00:00 0 
7f55e8021000-7f55ec000000 ---p 00000000 00:00 0 
7f55ec000000-7f55ec171000 rw-p 00000000 00:00 0 
7f55ec171000-7f55f0000000 ---p 00000000 00:00 0 
7f55f0000000-7f55f0021000 rw-p 00000000 00:00 0 
7f55f0021000-7f55f4000000 ---p 00000000 00:00 0 
7f55f4000000-7f55f4021000 rw-p 00000000 00:00 0 
7f55f4021000-7f55f8000000 ---p 00000000 00:00 0 
7f55f8000000-7f55f8021000 rw-p 00000000 00:00 0 
7f55f8021000-7f55fc000000 ---p 00000000 00:00 0 
7f55fc000000-7f55fc021000 rw-p 00000000 00:00 0 
7f55fc021000-7f5600000000 ---p 00000000 00:00 0 
7f560001e000-7f5600021000 ---p 00000000 00:00 0 
7f5600021000-7f560011f000 rw-p 00000000 00:00 0 
7f560011f000-7f5600122000 ---p 00000000 00:00 0 
7f5600122000-7f5604000000 rw-p 00000000 00:00 0 
7f5604000000-7f5604021000 rw-p 00000000 00:00 0 
7f5604021000-7f5608000000 ---p 00000000 00:00 0 
7f5608000000-7f5608021000 rw-p 00000000 00:00 0 
7f5608021000-7f560c000000 ---p 00000000 00:00 0 
7f560c000000-7f560c021000 rw-p 00000000 00:00 0 
7f560c021000-7f5610000000 ---p 00000000 00:00 0 
7f5610052000-7f5610055000 ---p 00000000 00:00 0 
7f5610055000-7f5610153000 rw-p 00000000 00:00 0 
7f5610153000-7f5610156000 ---p 00000000 00:00 0 
7f5610156000-7f5610254000 rw-p 00000000 00:00 0 
7f5610254000-7f5610257000 ---p 00000000 00:00 0 
7f5610257000-7f5610355000 rw-p 00000000 00:00 0 
7f5610355000-7f5610358000 ---p 00000000 00:00 0 
7f5610358000-7f5610456000 rw-p 00000000 00:00 0 
7f5610456000-7f5610459000 ---p 00000000 00:00 0 
7f5610459000-7f5610557000 rw-p 00000000 00:00 0 
7f5610557000-7f561055a000 ---p 00000000 00:00 0 
7f561055a000-7f5610658000 rw-p 00000000 00:00 0 
7f5610658000-7f561065b000 ---p 00000000 00:00 0 
7f561065b000-7f5610759000 rw-p 00000000 00:00 0 
7f5610759000-7f5610770000 r-xp 00000000 08:01 1053707                    /usr/lib/jvm/java-8-openjdk/jre/lib/amd64/libnet.so
7f5610770000-7f561096f000 ---p 00017000 08:01 1053707                    /usr/lib/jvm/java-8-openjdk/jre/lib/amd64/libnet.so
7f561096f000-7f5610970000 r--p 00016000 08:01 1053707                    /usr/lib/jvm/java-8-openjdk/jre/lib/amd64/libnet.so
7f5610970000-7f5610971000 rw-p 00017000 08:01 1053707                    /usr/lib/jvm/java-8-openjdk/jre/lib/amd64/libnet.so
7f5610971000-7f5610974000 ---p 00000000 00:00 0 
7f5610974000-7f5610a72000 rw-p 00000000 00:00 0 
7f5610a72000-7f5610a88000 r-xp 00000000 08:01 280544                     /usr/lib/libgcc_s.so.1
7f5610a88000-7f5610c87000 ---p 00016000 08:01 280544                     /usr/lib/libgcc_s.so.1
7f5610c87000-7f5610c88000 r--p 00015000 08:01 280544                     /usr/lib/libgcc_s.so.1
7f5610c88000-7f5610c89000 rw-p 00016000 08:01 280544                     /usr/lib/libgcc_s.so.1
7f5610cba000-7f5610cf3000 r-xp 00000000 08:01 1053713                    /usr/lib/jvm/java-8-openjdk/jre/lib/amd64/libsunec.so
7f5610cf3000-7f5610ef2000 ---p 00039000 08:01 1053713                    /usr/lib/jvm/java-8-openjdk/jre/lib/amd64/libsunec.so
7f5610ef2000-7f5610ef7000 r--p 00038000 08:01 1053713                    /usr/lib/jvm/java-8-openjdk/jre/lib/amd64/libsunec.so
7f5610ef7000-7f5610ef9000 rw-p 0003d000 08:01 1053713                    /usr/lib/jvm/java-8-openjdk/jre/lib/amd64/libsunec.so
7f5610ef9000-7f5610efa000 ---p 00000000 00:00 0 
7f5610efa000-7f5610ffa000 rw-p 00000000 00:00 0 
7f5610ffa000-7f5610ffd000 ---p 00000000 00:00 0 
7f5610ffd000-7f56110fb000 rw-p 00000000 00:00 0 
7f56110fb000-7f56110fe000 ---p 00000000 00:00 0 
7f56110fe000-7f56111fc000 rw-p 00000000 00:00 0 
7f56111fc000-7f56111ff000 ---p 00000000 00:00 0 
7f56111ff000-7f56112fd000 rw-p 00000000 00:00 0 
7f56112fd000-7f5611300000 ---p 00000000 00:00 0 
7f5611300000-7f56113fe000 rw-p 00000000 00:00 0 
7f56113fe000-7f5611401000 ---p 00000000 00:00 0 
7f5611401000-7f56114ff000 rw-p 00000000 00:00 0 
7f56114ff000-7f561184f000 r--p 00000000 08:01 278834                     /usr/lib/locale/locale-archive
7f561184f000-7f5611852000 ---p 00000000 00:00 0 
7f5611852000-7f5611950000 rw-p 00000000 00:00 0 
7f5611950000-7f5611953000 ---p 00000000 00:00 0 
7f5611953000-7f5611a51000 rw-p 00000000 00:00 0 
7f5611a51000-7f5611a52000 ---p 00000000 00:00 0 
7f5611a52000-7f5612a61000 rw-p 00000000 00:00 0 
7f5612a61000-7f5612c2f000 r--s 03c15000 08:01 1053633                    /usr/lib/jvm/java-8-openjdk/jre/lib/rt.jar
7f5612c2f000-7f56132e5000 rw-p 00000000 00:00 0 
7f56132e5000-7f56134a5000 ---p 00000000 00:00 0 
7f56134a5000-7f5613883000 rw-p 00000000 00:00 0 
7f5613883000-7f5613884000 ---p 00000000 00:00 0 
7f5613884000-7f5613984000 rw-p 00000000 00:00 0 
7f5613984000-7f5613985000 ---p 00000000 00:00 0 
7f5613985000-7f5613a85000 rw-p 00000000 00:00 0 
7f5613a85000-7f5613a86000 ---p 00000000 00:00 0 
7f5613a86000-7f5613bb0000 rw-p 00000000 00:00 0 
7f5613bb0000-7f5613e1a000 ---p 00000000 00:00 0 
7f5613e1a000-7f5613e44000 rw-p 00000000 00:00 0 
7f5613e44000-7f56140ae000 ---p 00000000 00:00 0 
7f56140ae000-7f56140c3000 rw-p 00000000 00:00 0 
7f56140c3000-7f56141f8000 ---p 00000000 00:00 0 
7f56141f8000-7f5614205000 rw-p 00000000 00:00 0 
7f5614205000-7f56145b9000 ---p 00000000 00:00 0 
7f56145b9000-7f5614899000 rwxp 00000000 00:00 0 
7f5614899000-7f56235b9000 ---p 00000000 00:00 0 
7f56235b9000-7f56235c1000 r-xp 00000000 08:01 1053716                    /usr/lib/jvm/java-8-openjdk/jre/lib/amd64/libzip.so
7f56235c1000-7f56237c0000 ---p 00008000 08:01 1053716                    /usr/lib/jvm/java-8-openjdk/jre/lib/amd64/libzip.so
7f56237c0000-7f56237c1000 r--p 00007000 08:01 1053716                    /usr/lib/jvm/java-8-openjdk/jre/lib/amd64/libzip.so
7f56237c1000-7f56237c2000 rw-p 00008000 08:01 1053716                    /usr/lib/jvm/java-8-openjdk/jre/lib/amd64/libzip.so
7f56237c2000-7f56237cd000 r-xp 00000000 08:01 267991                     /usr/lib/libnss_files-2.26.so
7f56237cd000-7f56239cc000 ---p 0000b000 08:01 267991                     /usr/lib/libnss_files-2.26.so
7f56239cc000-7f56239cd000 r--p 0000a000 08:01 267991                     /usr/lib/libnss_files-2.26.so
7f56239cd000-7f56239ce000 rw-p 0000b000 08:01 267991                     /usr/lib/libnss_files-2.26.so
7f56239ce000-7f56239d4000 rw-p 00000000 00:00 0 
7f56239d4000-7f56239df000 r-xp 00000000 08:01 267995                     /usr/lib/libnss_nis-2.26.so
7f56239df000-7f5623bde000 ---p 0000b000 08:01 267995                     /usr/lib/libnss_nis-2.26.so
7f5623bde000-7f5623bdf000 r--p 0000a000 08:01 267995                     /usr/lib/libnss_nis-2.26.so
7f5623bdf000-7f5623be0000 rw-p 0000b000 08:01 267995                     /usr/lib/libnss_nis-2.26.so
7f5623be0000-7f5623bf4000 r-xp 00000000 08:01 267984                     /usr/lib/libnsl-2.26.so
7f5623bf4000-7f5623df4000 ---p 00014000 08:01 267984                     /usr/lib/libnsl-2.26.so
7f5623df4000-7f5623df5000 r--p 00014000 08:01 267984                     /usr/lib/libnsl-2.26.so
7f5623df5000-7f5623df6000 rw-p 00015000 08:01 267984                     /usr/lib/libnsl-2.26.so
7f5623df6000-7f5623df8000 rw-p 00000000 00:00 0 
7f5623df8000-7f5623dff000 r-xp 00000000 08:01 267988                     /usr/lib/libnss_compat-2.26.so
7f5623dff000-7f5623ffe000 ---p 00007000 08:01 267988                     /usr/lib/libnss_compat-2.26.so
7f5623ffe000-7f5623fff000 r--p 00006000 08:01 267988                     /usr/lib/libnss_compat-2.26.so
7f5623fff000-7f5624000000 rw-p 00007000 08:01 267988                     /usr/lib/libnss_compat-2.26.so
7f5624000000-7f562435d000 rw-p 00000000 00:00 0 
7f562435d000-7f5628000000 ---p 00000000 00:00 0 
7f562800f000-7f5628014000 r--s 0003b000 08:01 1053741                    /usr/lib/jvm/java-8-openjdk/jre/lib/ext/sunjce_provider.jar
7f5628014000-7f5628016000 r--s 00008000 08:01 1053740                    /usr/lib/jvm/java-8-openjdk/jre/lib/ext/sunec.jar
7f5628016000-7f562801a000 r--s 00037000 08:01 1053742                    /usr/lib/jvm/java-8-openjdk/jre/lib/ext/sunpkcs11.jar
7f562801a000-7f562801f000 r--s 0009a000 08:01 1053628                    /usr/lib/jvm/java-8-openjdk/jre/lib/jsse.jar
7f562801f000-7f5628022000 r--s 00015000 08:01 1053626                    /usr/lib/jvm/java-8-openjdk/jre/lib/jce.jar
7f5628022000-7f5628023000 ---p 00000000 00:00 0 
7f5628023000-7f5628123000 rw-p 00000000 00:00 0 
7f5628123000-7f5628151000 r-xp 00000000 08:01 1053695                    /usr/lib/jvm/java-8-openjdk/jre/lib/amd64/libjava.so
7f5628151000-7f5628350000 ---p 0002e000 08:01 1053695                    /usr/lib/jvm/java-8-openjdk/jre/lib/amd64/libjava.so
7f5628350000-7f5628351000 r--p 0002d000 08:01 1053695                    /usr/lib/jvm/java-8-openjdk/jre/lib/amd64/libjava.so
7f5628351000-7f5628353000 rw-p 0002e000 08:01 1053695                    /usr/lib/jvm/java-8-openjdk/jre/lib/amd64/libjava.so
7f5628353000-7f5628360000 r-xp 00000000 08:01 1053715                    /usr/lib/jvm/java-8-openjdk/jre/lib/amd64/libverify.so
7f5628360000-7f562855f000 ---p 0000d000 08:01 1053715                    /usr/lib/jvm/java-8-openjdk/jre/lib/amd64/libverify.so
7f562855f000-7f5628561000 r--p 0000c000 08:01 1053715                    /usr/lib/jvm/java-8-openjdk/jre/lib/amd64/libverify.so
7f5628561000-7f5628562000 rw-p 0000e000 08:01 1053715                    /usr/lib/jvm/java-8-openjdk/jre/lib/amd64/libverify.so
7f5628562000-7f5628569000 r-xp 00000000 08:01 268044                     /usr/lib/librt-2.26.so
7f5628569000-7f5628768000 ---p 00007000 08:01 268044                     /usr/lib/librt-2.26.so
7f5628768000-7f5628769000 r--p 00006000 08:01 268044                     /usr/lib/librt-2.26.so
7f5628769000-7f562876a000 rw-p 00007000 08:01 268044                     /usr/lib/librt-2.26.so
7f562876a000-7f56288b5000 r-xp 00000000 08:01 267947                     /usr/lib/libm-2.26.so
7f56288b5000-7f5628ab4000 ---p 0014b000 08:01 267947                     /usr/lib/libm-2.26.so
7f5628ab4000-7f5628ab5000 r--p 0014a000 08:01 267947                     /usr/lib/libm-2.26.so
7f5628ab5000-7f5628ab6000 rw-p 0014b000 08:01 267947                     /usr/lib/libm-2.26.so
7f5628ab6000-7f5629759000 r-xp 00000000 08:01 1053719                    /usr/lib/jvm/java-8-openjdk/jre/lib/amd64/server/libjvm.so
7f5629759000-7f5629959000 ---p 00ca3000 08:01 1053719                    /usr/lib/jvm/java-8-openjdk/jre/lib/amd64/server/libjvm.so
7f5629959000-7f56299ed000 r--p 00ca3000 08:01 1053719                    /usr/lib/jvm/java-8-openjdk/jre/lib/amd64/server/libjvm.so
7f56299ed000-7f5629a15000 rw-p 00d37000 08:01 1053719                    /usr/lib/jvm/java-8-openjdk/jre/lib/amd64/server/libjvm.so
7f5629a15000-7f5629a46000 rw-p 00000000 00:00 0 
7f5629a46000-7f5629bf4000 r-xp 00000000 08:01 267816                     /usr/lib/libc-2.26.so
7f5629bf4000-7f5629df3000 ---p 001ae000 08:01 267816                     /usr/lib/libc-2.26.so
7f5629df3000-7f5629df7000 r--p 001ad000 08:01 267816                     /usr/lib/libc-2.26.so
7f5629df7000-7f5629df9000 rw-p 001b1000 08:01 267816                     /usr/lib/libc-2.26.so
7f5629df9000-7f5629dfd000 rw-p 00000000 00:00 0 
7f5629dfd000-7f5629e00000 r-xp 00000000 08:01 267843                     /usr/lib/libdl-2.26.so
7f5629e00000-7f5629fff000 ---p 00003000 08:01 267843                     /usr/lib/libdl-2.26.so
7f5629fff000-7f562a000000 r--p 00002000 08:01 267843                     /usr/lib/libdl-2.26.so
7f562a000000-7f562a001000 rw-p 00003000 08:01 267843                     /usr/lib/libdl-2.26.so
7f562a001000-7f562a00f000 r-xp 00000000 08:01 1053717                    /usr/lib/jvm/java-8-openjdk/jre/lib/amd64/jli/libjli.so
7f562a00f000-7f562a20e000 ---p 0000e000 08:01 1053717                    /usr/lib/jvm/java-8-openjdk/jre/lib/amd64/jli/libjli.so
7f562a20e000-7f562a20f000 r--p 0000d000 08:01 1053717                    /usr/lib/jvm/java-8-openjdk/jre/lib/amd64/jli/libjli.so
7f562a20f000-7f562a210000 rw-p 0000e000 08:01 1053717                    /usr/lib/jvm/java-8-openjdk/jre/lib/amd64/jli/libjli.so
7f562a210000-7f562a226000 r-xp 00000000 08:01 268116                     /usr/lib/libz.so.1.2.11
7f562a226000-7f562a425000 ---p 00016000 08:01 268116                     /usr/lib/libz.so.1.2.11
7f562a425000-7f562a426000 r--p 00015000 08:01 268116                     /usr/lib/libz.so.1.2.11
7f562a426000-7f562a427000 rw-p 00016000 08:01 268116                     /usr/lib/libz.so.1.2.11
7f562a427000-7f562a440000 r-xp 00000000 08:01 268030                     /usr/lib/libpthread-2.26.so
7f562a440000-7f562a63f000 ---p 00019000 08:01 268030                     /usr/lib/libpthread-2.26.so
7f562a63f000-7f562a640000 r--p 00018000 08:01 268030                     /usr/lib/libpthread-2.26.so
7f562a640000-7f562a641000 rw-p 00019000 08:01 268030                     /usr/lib/libpthread-2.26.so
7f562a641000-7f562a645000 rw-p 00000000 00:00 0 
7f562a645000-7f562a66a000 r-xp 00000000 08:01 267775                     /usr/lib/ld-2.26.so
7f562a66a000-7f562a68a000 r--s 001d1000 08:01 402052                     /usr/share/gfwpress/gfw.press.jar
7f562a68a000-7f562a733000 rw-p 00000000 00:00 0 
7f562a733000-7f562a736000 ---p 00000000 00:00 0 
7f562a736000-7f562a85d000 rw-p 00000000 00:00 0 
7f562a85d000-7f562a865000 rw-s 00000000 00:26 9                          /tmp/hsperfdata_root/10975
7f562a865000-7f562a866000 rw-p 00000000 00:00 0 
7f562a866000-7f562a867000 r--p 00000000 00:00 0 
7f562a867000-7f562a869000 rw-p 00000000 00:00 0 
7f562a869000-7f562a86a000 r--p 00024000 08:01 267775                     /usr/lib/ld-2.26.so
7f562a86a000-7f562a86b000 rw-p 00025000 08:01 267775                     /usr/lib/ld-2.26.so
7f562a86b000-7f562a86c000 rw-p 00000000 00:00 0 
7ffda6f2a000-7ffda6f4b000 rw-p 00000000 00:00 0                          [stack]
7ffda6fee000-7ffda6ff0000 r--p 00000000 00:00 0                          [vvar]
7ffda6ff0000-7ffda6ff2000 r-xp 00000000 00:00 0                          [vdso]
ffffffffff600000-ffffffffff601000 r-xp 00000000 00:00 0                  [vsyscall]

VM Arguments:
java_command: gfw.press.jar client
java_class_path (initial): gfw.press.jar
Launcher Type: SUN_STANDARD

Environment Variables:
PATH=/usr/local/sbin:/usr/local/bin:/usr/sbin:/usr/bin
USERNAME=root
SHELL=/bin/bash

Signal Handlers:
SIGSEGV: [libjvm.so+0xaa46c0], sa_mask[0]=11111111011111111101111111111110, sa_flags=SA_RESTART|SA_SIGINFO
SIGBUS: [libjvm.so+0xaa46c0], sa_mask[0]=11111111011111111101111111111110, sa_flags=SA_RESTART|SA_SIGINFO
SIGFPE: [libjvm.so+0x8dc3d0], sa_mask[0]=11111111011111111101111111111110, sa_flags=SA_RESTART|SA_SIGINFO
SIGPIPE: [libjvm.so+0x8dc3d0], sa_mask[0]=11111111011111111101111111111110, sa_flags=SA_RESTART|SA_SIGINFO
SIGXFSZ: [libjvm.so+0x8dc3d0], sa_mask[0]=11111111011111111101111111111110, sa_flags=SA_RESTART|SA_SIGINFO
SIGILL: [libjvm.so+0x8dc3d0], sa_mask[0]=11111111011111111101111111111110, sa_flags=SA_RESTART|SA_SIGINFO
SIGUSR1: SIG_DFL, sa_mask[0]=00000000000000000000000000000000, sa_flags=none
SIGUSR2: [libjvm.so+0x8dc280], sa_mask[0]=00000000000000000000000000000000, sa_flags=SA_RESTART|SA_SIGINFO
SIGHUP: [libjvm.so+0x8dc730], sa_mask[0]=11111111011111111101111111111110, sa_flags=SA_RESTART|SA_SIGINFO
SIGINT: [libjvm.so+0x8dc730], sa_mask[0]=11111111011111111101111111111110, sa_flags=SA_RESTART|SA_SIGINFO
SIGTERM: [libjvm.so+0x8dc730], sa_mask[0]=11111111011111111101111111111110, sa_flags=SA_RESTART|SA_SIGINFO
SIGQUIT: [libjvm.so+0x8dc730], sa_mask[0]=11111111011111111101111111111110, sa_flags=SA_RESTART|SA_SIGINFO


---------------  S Y S T E M  ---------------

OS:DISTRIB_ID=ManjaroLinux
DISTRIB_RELEASE=17.0.5
DISTRIB_CODENAME=Gellivara
DISTRIB_DESCRIPTION="Manjaro Linux"

uname:Linux 4.9.53-1-MANJARO #1 SMP PREEMPT Thu Oct 5 15:11:15 UTC 2017 x86_64
libc:glibc 2.26 NPTL 2.26 
rlimit: STACK 8192k, CORE infinity, NPROC 31628, NOFILE 4096, AS infinity
load average:0.10 0.32 0.43

/proc/meminfo:
MemTotal:        8108164 kB
MemFree:         4011400 kB
MemAvailable:    5075008 kB
Buffers:          160892 kB
Cached:          1426168 kB
SwapCached:            0 kB
Active:          2700316 kB
Inactive:        1009304 kB
Active(anon):    2133768 kB
Inactive(anon):   387608 kB
Active(file):     566548 kB
Inactive(file):   621696 kB
Unevictable:         368 kB
Mlocked:             368 kB
SwapTotal:             0 kB
SwapFree:              0 kB
Dirty:              1148 kB
Writeback:             0 kB
AnonPages:       1974424 kB
Mapped:           686948 kB
Shmem:            398820 kB
Slab:             228824 kB
SReclaimable:     183324 kB
SUnreclaim:        45500 kB
KernelStack:       12560 kB
PageTables:        58300 kB
NFS_Unstable:          0 kB
Bounce:                0 kB
WritebackTmp:          0 kB
CommitLimit:     4054080 kB
Committed_AS:    9091236 kB
VmallocTotal:   34359738367 kB
VmallocUsed:           0 kB
VmallocChunk:          0 kB
HardwareCorrupted:     0 kB
AnonHugePages:    567296 kB
ShmemHugePages:        0 kB
ShmemPmdMapped:        0 kB
HugePages_Total:       0
HugePages_Free:        0
HugePages_Rsvd:        0
HugePages_Surp:        0
Hugepagesize:       2048 kB
DirectMap4k:      171840 kB
DirectMap2M:     6047744 kB
DirectMap1G:     3145728 kB


CPU:total 4 (initial active 4) (2 cores per cpu, 2 threads per core) family 6 model 61 stepping 4, cmov, cx8, fxsr, mmx, sse, sse2, sse3, ssse3, sse4.1, sse4.2, popcnt, avx, avx2, aes, clmul, erms, 3dnowpref, lzcnt, ht, tsc, tscinvbit, bmi1, bmi2, adx

/proc/cpuinfo:
processor	: 0
vendor_id	: GenuineIntel
cpu family	: 6
model		: 61
model name	: Intel(R) Core(TM) M-5Y10c CPU @ 0.80GHz
stepping	: 4
microcode	: 0x25
cpu MHz		: 1884.094
cache size	: 4096 KB
physical id	: 0
siblings	: 4
core id		: 0
cpu cores	: 2
apicid		: 0
initial apicid	: 0
fpu		: yes
fpu_exception	: yes
cpuid level	: 20
wp		: yes
flags		: fpu vme de pse tsc msr pae mce cx8 apic sep mtrr pge mca cmov pat pse36 clflush dts acpi mmx fxsr sse sse2 ss ht tm pbe syscall nx pdpe1gb rdtscp lm constant_tsc arch_perfmon pebs bts rep_good nopl xtopology nonstop_tsc aperfmperf eagerfpu pni pclmulqdq dtes64 monitor ds_cpl vmx est tm2 ssse3 sdbg fma cx16 xtpr pdcm pcid sse4_1 sse4_2 x2apic movbe popcnt tsc_deadline_timer aes xsave avx f16c rdrand lahf_lm abm 3dnowprefetch epb intel_pt tpr_shadow vnmi flexpriority ept vpid fsgsbase tsc_adjust bmi1 avx2 smep bmi2 erms invpcid rdseed adx smap xsaveopt dtherm ida arat pln pts
bugs		:
bogomips	: 2000.38
clflush size	: 64
cache_alignment	: 64
address sizes	: 39 bits physical, 48 bits virtual
power management:

processor	: 1
vendor_id	: GenuineIntel
cpu family	: 6
model		: 61
model name	: Intel(R) Core(TM) M-5Y10c CPU @ 0.80GHz
stepping	: 4
microcode	: 0x25
cpu MHz		: 1928.466
cache size	: 4096 KB
physical id	: 0
siblings	: 4
core id		: 1
cpu cores	: 2
apicid		: 2
initial apicid	: 2
fpu		: yes
fpu_exception	: yes
cpuid level	: 20
wp		: yes
flags		: fpu vme de pse tsc msr pae mce cx8 apic sep mtrr pge mca cmov pat pse36 clflush dts acpi mmx fxsr sse sse2 ss ht tm pbe syscall nx pdpe1gb rdtscp lm constant_tsc arch_perfmon pebs bts rep_good nopl xtopology nonstop_tsc aperfmperf eagerfpu pni pclmulqdq dtes64 monitor ds_cpl vmx est tm2 ssse3 sdbg fma cx16 xtpr pdcm pcid sse4_1 sse4_2 x2apic movbe popcnt tsc_deadline_timer aes xsave avx f16c rdrand lahf_lm abm 3dnowprefetch epb intel_pt tpr_shadow vnmi flexpriority ept vpid fsgsbase tsc_adjust bmi1 avx2 smep bmi2 erms invpcid rdseed adx smap xsaveopt dtherm ida arat pln pts
bugs		:
bogomips	: 2002.08
clflush size	: 64
cache_alignment	: 64
address sizes	: 39 bits physical, 48 bits virtual
power management:

processor	: 2
vendor_id	: GenuineIntel
cpu family	: 6
model		: 61
model name	: Intel(R) Core(TM) M-5Y10c CPU @ 0.80GHz
stepping	: 4
microcode	: 0x25
cpu MHz		: 1934.936
cache size	: 4096 KB
physical id	: 0
siblings	: 4
core id		: 0
cpu cores	: 2
apicid		: 1
initial apicid	: 1
fpu		: yes
fpu_exception	: yes
cpuid level	: 20
wp		: yes
flags		: fpu vme de pse tsc msr pae mce cx8 apic sep mtrr pge mca cmov pat pse36 clflush dts acpi mmx fxsr sse sse2 ss ht tm pbe syscall nx pdpe1gb rdtscp lm constant_tsc arch_perfmon pebs bts rep_good nopl xtopology nonstop_tsc aperfmperf eagerfpu pni pclmulqdq dtes64 monitor ds_cpl vmx est tm2 ssse3 sdbg fma cx16 xtpr pdcm pcid sse4_1 sse4_2 x2apic movbe popcnt tsc_deadline_timer aes xsave avx f16c rdrand lahf_lm abm 3dnowprefetch epb intel_pt tpr_shadow vnmi flexpriority ept vpid fsgsbase tsc_adjust bmi1 avx2 smep bmi2 erms invpcid rdseed adx smap xsaveopt dtherm ida arat pln pts
bugs		:
bogomips	: 2003.82
clflush size	: 64
cache_alignment	: 64
address sizes	: 39 bits physical, 48 bits virtual
power management:

processor	: 3
vendor_id	: GenuineIntel
cpu family	: 6
model		: 61
model name	: Intel(R) Core(TM) M-5Y10c CPU @ 0.80GHz
stepping	: 4
microcode	: 0x25
cpu MHz		: 1702.819
cache size	: 4096 KB
physical id	: 0
siblings	: 4
core id		: 1
cpu cores	: 2
apicid		: 3
initial apicid	: 3
fpu		: yes
fpu_exception	: yes
cpuid level	: 20
wp		: yes
flags		: fpu vme de pse tsc msr pae mce cx8 apic sep mtrr pge mca cmov pat pse36 clflush dts acpi mmx fxsr sse sse2 ss ht tm pbe syscall nx pdpe1gb rdtscp lm constant_tsc arch_perfmon pebs bts rep_good nopl xtopology nonstop_tsc aperfmperf eagerfpu pni pclmulqdq dtes64 monitor ds_cpl vmx est tm2 ssse3 sdbg fma cx16 xtpr pdcm pcid sse4_1 sse4_2 x2apic movbe popcnt tsc_deadline_timer aes xsave avx f16c rdrand lahf_lm abm 3dnowprefetch epb intel_pt tpr_shadow vnmi flexpriority ept vpid fsgsbase tsc_adjust bmi1 avx2 smep bmi2 erms invpcid rdseed adx smap xsaveopt dtherm ida arat pln pts
bugs		:
bogomips	: 2002.16
clflush size	: 64
cache_alignment	: 64
address sizes	: 39 bits physical, 48 bits virtual
power management:



Memory: 4k page, physical 8108164k(4011400k free), swap 0k(0k free)

vm_info: OpenJDK 64-Bit Server VM (25.144-b01) for linux-amd64 JRE (1.8.0_144-b01), built on Jul 28 2017 20:07:18 by "builduser" with gcc 7.1.1 20170630

time: Wed Oct 11 20:05:48 2017
elapsed time: 108 seconds (0d 0h 1m 48s)

